[Running] node "c:\Users\Azrae\Desktop\Coding Projects for Humber\Fundamentals of JavaScript\lab1.js"
This displays the name, age and ID of this user:  Azzie 18 u38379130 
c:\Users\Azrae\Desktop\Coding Projects for Humber\Fundamentals of JavaScript\lab1.js:12
 userID = ' u198272932 ';
        ^

TypeError: Assignment to constant variable.
    at Object.<anonymous> (c:\Users\Azrae\Desktop\Coding Projects for Humber\Fundamentals of JavaScript\lab1.js:12:9)
    at Module._compile (node:internal/modules/cjs/loader:1706:14)
    at Object..js (node:internal/modules/cjs/loader:1839:10)
    at Module.load (node:internal/modules/cjs/loader:1441:32)
    at Function._load (node:internal/modules/cjs/loader:1263:12)
    at TracingChannel.traceSync (node:diagnostics_channel:322:14)
    at wrapModuleLoad (node:internal/modules/cjs/loader:237:24)
    at Function.executeUserEntryPoint [as runMain] (node:internal/modules/run_main:171:5)
    at node:internal/main/run_main_module:36:49

Node.js v22.19.0

[Done] exited with code=1 in 0.14 seconds

[Running] node "c:\Users\Azrae\Desktop\Coding Projects for Humber\Fundamentals of JavaScript\lab1.js"
This displays the name, age and ID of this user:  Azzie 18 u38379130 
This displays the name, age and ID of this user:  Benny 30 u38379130 
Addition: 125.5
Subtraction: 65.5
Multiplication: 191
Divison: 3.183333333333333
false
A+
You are enrolled
You are invited
 You are in Java basics!

[Done] exited with code=0 in 0.142 seconds

